<?xml version="1.0" encoding="UTF-8"?>
<!-- Generated by org.testng.reporters.JUnitReportReporter -->
<testsuite hostname="VidushiMishra" name="NovusLogin.Novusautomation" tests="1" failures="0" timestamp="14 May 2018 17:55:57 GMT" time="16.270" errors="0">
  <testcase name="adminLogin" time="16.270" classname="NovusLogin.Novusautomation"/>
</testsuite> <!-- NovusLogin.Novusautomation -->
