<?xml version="1.0" encoding="UTF-8"?>
<!-- Generated by org.testng.reporters.JUnitReportReporter -->
<testsuite hostname="VidushiMishra" name="com.clavax.novus.login.Novusautomation" tests="1" failures="0" timestamp="14 May 2018 18:08:05 GMT" time="13.091" errors="0">
  <testcase name="adminLogin" time="13.091" classname="com.clavax.novus.login.Novusautomation"/>
</testsuite> <!-- com.clavax.novus.login.Novusautomation -->
