<?xml version="1.0" encoding="UTF-8"?>
<!-- Generated by org.testng.reporters.JUnitReportReporter -->
<testsuite hostname="VidushiMishra" name="novus.Baseclass" tests="2" failures="0" timestamp="14 May 2018 15:25:14 GMT" time="52.186" errors="0">
  <testcase name="startApp" time="48.580" classname="novus.Baseclass"/>
  <testcase name="closeApp" time="3.606" classname="novus.Baseclass"/>
</testsuite> <!-- novus.Baseclass -->
